生成启动时间为 2016/9/28 星期三 下午 9:09:05。
     1>项目“D:\project\proj_windows\chat\serverTest\serverTest.vcxproj”在节点 3 上(Build 个目标)。
     1>Link:
         D:\Program Files (x86)\Microsoft Visual Studio 12.0\VC\bin\link.exe /ERRORREPORT:PROMPT /OUT:"D:\project\proj_windows\chat\Debug\serverTest.exe" /INCREMENTAL /NOLOGO kernel32.lib user32.lib gdi32.lib winspool.lib comdlg32.lib advapi32.lib shell32.lib ole32.lib oleaut32.lib uuid.lib odbc32.lib odbccp32.lib /MANIFEST /MANIFESTUAC:"level='asInvoker' uiAccess='false'" /manifest:embed /DEBUG /PDB:"D:\project\proj_windows\chat\Debug\serverTest.pdb" /SUBSYSTEM:CONSOLE /TLBID:1 /DYNAMICBASE /NXCOMPAT /IMPLIB:"D:\project\proj_windows\chat\Debug\serverTest.lib" /MACHINE:X86 Debug\cData.obj
         Debug\cServerMain.obj
         Debug\serverTest.obj
         Debug\stdafx.obj
            正在创建库 D:\project\proj_windows\chat\Debug\serverTest.lib 和对象 D:\project\proj_windows\chat\Debug\serverTest.exp
     1>cData.obj : error LNK2019: 无法解析的外部符号 "public: __thiscall cMySql::cMySql(void)" (??0cMySql@@QAE@XZ)，该符号在函数 "public: __thiscall cData::cData(void)" (??0cData@@QAE@XZ) 中被引用
     1>cData.obj : error LNK2019: 无法解析的外部符号 "public: bool __thiscall cMySql::connect(char *,int,char *,char *,char *)" (?connect@cMySql@@QAE_NPADH000@Z)，该符号在函数 "public: __thiscall cData::cData(void)" (??0cData@@QAE@XZ) 中被引用
     1>cData.obj : error LNK2019: 无法解析的外部符号 "public: bool __thiscall cMySql::sqlExecute(char *)" (?sqlExecute@cMySql@@QAE_NPAD@Z)，该符号在函数 "public: void __thiscall cData::AddFriend(struct stUserInfo *,struct stUserInfo *)" (?AddFriend@cData@@QAEXPAUstUserInfo@@0@Z) 中被引用
     1>cServerMain.obj : error LNK2019: 无法解析的外部符号 "void __cdecl SendToClient(unsigned long,void *,int)" (?SendToClient@@YAXKPAXH@Z)，该符号在函数 "public: void __thiscall cServerMain::Login(unsigned long,struct stMsgLogin)" (?Login@cServerMain@@QAEXKUstMsgLogin@@@Z) 中被引用
     1>serverTest.obj : error LNK2019: 无法解析的外部符号 "void __cdecl InitNet(unsigned int,void (__cdecl*)(unsigned long,void *,int),bool,char *)" (?InitNet@@YAXIP6AXKPAXH@Z_NPAD@Z)，该符号在函数 _wmain 中被引用
     1>D:\project\proj_windows\chat\Debug\serverTest.exe : fatal error LNK1120: 5 个无法解析的外部命令
     1>已完成生成项目“D:\project\proj_windows\chat\serverTest\serverTest.vcxproj”(Build 个目标)的操作 - 失败。

生成失败。

已用时间 00:00:00.32
